19:11:08.974 INFO  NativeLibraryLoader - Loading libgkl_compression.so from jar:file:/home/wtm3/apps/gatk-4.4.0.0-21-g7415882-SNAPSHOT/gatk-package-4.4.0.0-21-g7415882-SNAPSHOT-local.jar!/com/intel/gkl/native/libgkl_compression.so
19:11:09.005 INFO  GenomicsDBImport - ------------------------------------------------------------
19:11:09.007 INFO  GenomicsDBImport - The Genome Analysis Toolkit (GATK) v4.4.0.0-21-g7415882-SNAPSHOT
19:11:09.008 INFO  GenomicsDBImport - For support and documentation go to https://software.broadinstitute.org/gatk/
19:11:09.008 INFO  GenomicsDBImport - Executing as wtm3@bio-server02 on Linux v5.15.0-75-generic amd64
19:11:09.008 INFO  GenomicsDBImport - Java runtime: OpenJDK 64-Bit Server VM v17.0.7+7-Ubuntu-0ubuntu122.04.2
19:11:09.008 INFO  GenomicsDBImport - Start Date/Time: June 20, 2023 at 7:11:08 PM UTC
19:11:09.008 INFO  GenomicsDBImport - ------------------------------------------------------------
19:11:09.008 INFO  GenomicsDBImport - ------------------------------------------------------------
19:11:09.009 INFO  GenomicsDBImport - HTSJDK Version: 3.0.5
19:11:09.009 INFO  GenomicsDBImport - Picard Version: 3.0.0
19:11:09.009 INFO  GenomicsDBImport - Built for Spark Version: 3.3.1
19:11:09.009 INFO  GenomicsDBImport - HTSJDK Defaults.COMPRESSION_LEVEL : 2
19:11:09.010 INFO  GenomicsDBImport - HTSJDK Defaults.USE_ASYNC_IO_READ_FOR_SAMTOOLS : false
19:11:09.010 INFO  GenomicsDBImport - HTSJDK Defaults.USE_ASYNC_IO_WRITE_FOR_SAMTOOLS : true
19:11:09.010 INFO  GenomicsDBImport - HTSJDK Defaults.USE_ASYNC_IO_WRITE_FOR_TRIBBLE : false
19:11:09.010 INFO  GenomicsDBImport - Deflater: IntelDeflater
19:11:09.010 INFO  GenomicsDBImport - Inflater: IntelInflater
19:11:09.010 INFO  GenomicsDBImport - GCS max retries/reopens: 20
19:11:09.010 INFO  GenomicsDBImport - Requester pays: disabled
19:11:09.011 INFO  GenomicsDBImport - Initializing engine
19:11:09.211 INFO  FeatureManager - Using codec IntervalListCodec to read file file:///home/wtm3/twg/assemblies/reference/fEucNew1.0.hap1/GCA_026437365.1_fEucNew1.0.hap1_genomic.interval_list
19:11:09.294 INFO  IntervalArgumentCollection - Processing 984795555 bp from intervals
19:11:09.321 INFO  GenomicsDBImport - Done initializing engine
19:11:09.505 INFO  GenomicsDBLibLoader - GenomicsDB native library version : 1.4.4-ce4e1b9
19:11:09.506 INFO  GenomicsDBImport - Vid Map JSON file will be written to /home/wtm3/twg/variants/GenomicsDB/vidmap.json
19:11:09.506 INFO  GenomicsDBImport - Callset Map JSON file will be written to /home/wtm3/twg/variants/GenomicsDB/callset.json
19:11:09.506 INFO  GenomicsDBImport - Complete VCF Header will be written to /home/wtm3/twg/variants/GenomicsDB/vcfheader.vcf
19:11:09.506 INFO  GenomicsDBImport - Importing to workspace - /home/wtm3/twg/variants/GenomicsDB
19:11:11.299 INFO  GenomicsDBImport - Importing batch 1 with 50 samples
21:15:17.818 INFO  GenomicsDBImport - Importing batch 1 with 50 samples
22:44:30.429 INFO  GenomicsDBImport - Importing batch 1 with 50 samples
00:18:22.603 INFO  GenomicsDBImport - Importing batch 1 with 50 samples
01:51:58.989 INFO  GenomicsDBImport - Importing batch 1 with 50 samples
03:24:27.071 INFO  GenomicsDBImport - Importing batch 1 with 50 samples
04:58:03.465 INFO  GenomicsDBImport - Importing batch 1 with 50 samples
06:30:48.759 INFO  GenomicsDBImport - Importing batch 1 with 50 samples
08:02:17.927 INFO  GenomicsDBImport - Importing batch 1 with 50 samples
09:28:45.343 INFO  GenomicsDBImport - Importing batch 1 with 50 samples
10:51:57.186 INFO  GenomicsDBImport - Importing batch 1 with 50 samples
12:14:45.842 INFO  GenomicsDBImport - Importing batch 1 with 50 samples
14:21:57.610 INFO  GenomicsDBImport - Importing batch 1 with 50 samples
15:35:03.272 INFO  GenomicsDBImport - Importing batch 1 with 50 samples
16:51:02.209 INFO  GenomicsDBImport - Importing batch 1 with 50 samples
17:58:25.930 INFO  GenomicsDBImport - Importing batch 1 with 50 samples
20:12:20.544 INFO  GenomicsDBImport - Importing batch 1 with 50 samples
22:15:07.153 INFO  GenomicsDBImport - Importing batch 1 with 50 samples
00:11:56.167 INFO  GenomicsDBImport - Importing batch 1 with 50 samples
02:05:11.417 INFO  GenomicsDBImport - Importing batch 1 with 50 samples
03:53:19.643 INFO  GenomicsDBImport - Importing batch 1 with 50 samples
05:35:32.347 INFO  GenomicsDBImport - Importing batch 1 with 50 samples
07:12:18.485 INFO  GenomicsDBImport - Importing batch 1 with 50 samples
07:18:11.405 INFO  GenomicsDBImport - Done importing batch 1/2
07:18:12.333 INFO  GenomicsDBImport - Importing batch 2 with 48 samples
09:24:47.319 INFO  GenomicsDBImport - Importing batch 2 with 48 samples
10:54:46.429 INFO  GenomicsDBImport - Importing batch 2 with 48 samples
12:31:13.345 INFO  GenomicsDBImport - Importing batch 2 with 48 samples
14:07:18.251 INFO  GenomicsDBImport - Importing batch 2 with 48 samples
15:41:25.222 INFO  GenomicsDBImport - Importing batch 2 with 48 samples
17:17:43.863 INFO  GenomicsDBImport - Importing batch 2 with 48 samples
18:51:19.862 INFO  GenomicsDBImport - Importing batch 2 with 48 samples
20:23:57.887 INFO  GenomicsDBImport - Importing batch 2 with 48 samples
21:50:38.600 INFO  GenomicsDBImport - Importing batch 2 with 48 samples
23:14:31.635 INFO  GenomicsDBImport - Importing batch 2 with 48 samples
00:37:47.682 INFO  GenomicsDBImport - Importing batch 2 with 48 samples
02:46:38.292 INFO  GenomicsDBImport - Importing batch 2 with 48 samples
04:00:00.982 INFO  GenomicsDBImport - Importing batch 2 with 48 samples
05:17:16.537 INFO  GenomicsDBImport - Importing batch 2 with 48 samples
06:25:58.305 INFO  GenomicsDBImport - Importing batch 2 with 48 samples
08:44:12.039 INFO  GenomicsDBImport - Importing batch 2 with 48 samples
10:50:02.992 INFO  GenomicsDBImport - Importing batch 2 with 48 samples
12:49:54.383 INFO  GenomicsDBImport - Importing batch 2 with 48 samples
14:46:15.289 INFO  GenomicsDBImport - Importing batch 2 with 48 samples
16:35:55.169 INFO  GenomicsDBImport - Importing batch 2 with 48 samples
18:21:01.992 INFO  GenomicsDBImport - Importing batch 2 with 48 samples
20:00:27.225 INFO  GenomicsDBImport - Importing batch 2 with 48 samples
20:06:50.881 INFO  GenomicsDBImport - Done importing batch 2/2
20:06:50.899 INFO  GenomicsDBImport - Import of all batches to GenomicsDB completed!
20:06:50.903 INFO  GenomicsDBImport - Shutting down engine
[June 23, 2023 at 8:06:50 PM UTC] org.broadinstitute.hellbender.tools.genomicsdb.GenomicsDBImport done. Elapsed time: 4,375.70 minutes.
Runtime.totalMemory()=6784811008
Using GATK jar /home/wtm3/apps/gatk-4.4.0.0-21-g7415882-SNAPSHOT/gatk-package-4.4.0.0-21-g7415882-SNAPSHOT-local.jar
Running:
    java -Dsamjdk.use_async_io_read_samtools=false -Dsamjdk.use_async_io_write_samtools=true -Dsamjdk.use_async_io_write_tribble=false -Dsamjdk.compression_level=2 -Xms10G -Xmx10G -XX:+UseParallelGC -XX:ParallelGCThreads=2 -jar /home/wtm3/apps/gatk-4.4.0.0-21-g7415882-SNAPSHOT/gatk-package-4.4.0.0-21-g7415882-SNAPSHOT-local.jar GenomicsDBImport --batch-size 50 --genomicsdb-workspace-path /home/wtm3/twg/variants/GenomicsDB --intervals /home/wtm3/twg/assemblies/reference/fEucNew1.0.hap1/GCA_026437365.1_fEucNew1.0.hap1_genomic.interval_list --merge-contigs-into-num-partitions 50 --merge-input-intervals true --sample-name-map /home/wtm3/twg/scripts/sample_map.txt --tmp-dir /home/wtm3/twg/tmp
